[debug] [2021-06-17T13:35:03.868Z] ----------------------------------------------------------------------
[debug] [2021-06-17T13:35:03.871Z] Command:       C:\Program Files\nodejs\node.exe C:\Users\bangi\AppData\Roaming\npm\node_modules\firebase-tools\lib\bin\firebase.js init
[debug] [2021-06-17T13:35:03.872Z] CLI Version:   9.13.0
[debug] [2021-06-17T13:35:03.872Z] Platform:      win32
[debug] [2021-06-17T13:35:03.872Z] Node Version:  v16.1.0
[debug] [2021-06-17T13:35:03.873Z] Time:          Thu Jun 17 2021 15:35:03 GMT+0200 (South Africa Standard Time)
[debug] [2021-06-17T13:35:03.873Z] ----------------------------------------------------------------------
[debug] 
[debug] [2021-06-17T13:35:03.883Z] > command requires scopes: ["email","openid","https://www.googleapis.com/auth/cloudplatformprojects.readonly","https://www.googleapis.com/auth/firebase","https://www.googleapis.com/auth/cloud-platform"]
[debug] [2021-06-17T13:35:03.884Z] > authorizing via signed-in user (bangilemahlamvu@gmail.com)
[info] 
     ######## #### ########  ######## ########     ###     ######  ########
     ##        ##  ##     ## ##       ##     ##  ##   ##  ##       ##
     ######    ##  ########  ######   ########  #########  ######  ######
     ##        ##  ##    ##  ##       ##     ## ##     ##       ## ##
     ##       #### ##     ## ######## ########  ##     ##  ######  ########

You're about to initialize a Firebase project in this directory:

  C:\Users\bangi\Desktop\Hackathon.html

Before we get started, keep in mind:

  * You are initializing within an existing Firebase project directory

[debug] [2021-06-17T13:35:48.877Z] ----------------------------------------------------------------------
[debug] [2021-06-17T13:35:48.880Z] Command:       C:\Program Files\nodejs\node.exe C:\Users\bangi\AppData\Roaming\npm\node_modules\firebase-tools\lib\bin\firebase.js init
[debug] [2021-06-17T13:35:48.880Z] CLI Version:   9.13.0
[debug] [2021-06-17T13:35:48.880Z] Platform:      win32
[debug] [2021-06-17T13:35:48.880Z] Node Version:  v16.1.0
[debug] [2021-06-17T13:35:48.882Z] Time:          Thu Jun 17 2021 15:35:48 GMT+0200 (South Africa Standard Time)
[debug] [2021-06-17T13:35:48.882Z] ----------------------------------------------------------------------
[debug] 
[debug] [2021-06-17T13:35:48.892Z] > command requires scopes: ["email","openid","https://www.googleapis.com/auth/cloudplatformprojects.readonly","https://www.googleapis.com/auth/firebase","https://www.googleapis.com/auth/cloud-platform"]
[debug] [2021-06-17T13:35:48.892Z] > authorizing via signed-in user (bangilemahlamvu@gmail.com)
[info] 
     ######## #### ########  ######## ########     ###     ######  ########
     ##        ##  ##     ## ##       ##     ##  ##   ##  ##       ##
     ######    ##  ########  ######   ########  #########  ######  ######
     ##        ##  ##    ##  ##       ##     ## ##     ##       ## ##
     ##       #### ##     ## ######## ########  ##     ##  ######  ########

You're about to initialize a Firebase project in this directory:

  C:\Users\bangi\Desktop\Hackathon.html

Before we get started, keep in mind:

  * You are initializing within an existing Firebase project directory

[info] 
=== Project Setup
[info] 
[info] First, let's associate this project directory with a Firebase project.
[info] You can create multiple project aliases by running firebase use --add, 
[info] but for now we'll just set up a default project.
[info] 
[info] i  .firebaserc already has a default project, using skywalkers-b5ce0. 
[debug] [2021-06-17T13:36:35.287Z] >>> [apiv2][query] GET https://firebase.googleapis.com/v1beta1/projects/skywalkers-b5ce0 [none]
[debug] [2021-06-17T13:36:36.064Z] <<< [apiv2][status] GET https://firebase.googleapis.com/v1beta1/projects/skywalkers-b5ce0 200
[debug] [2021-06-17T13:36:36.064Z] <<< [apiv2][body] GET https://firebase.googleapis.com/v1beta1/projects/skywalkers-b5ce0 {"projectId":"skywalkers-b5ce0","projectNumber":"96463936501","displayName":"Skywalkers","name":"projects/skywalkers-b5ce0","resources":{"hostingSite":"skywalkers-b5ce0"},"state":"ACTIVE"}
[info] 
=== Hosting Setup
[info] 
[info] Your public directory is the folder (relative to your project directory) that
[info] will contain Hosting assets to be uploaded with firebase deploy. If you
[info] have a build process for your assets, use your build's output directory.
[info] 
[info] +  Wrote public/404.html 
[debug] [2021-06-17T13:37:28.608Z] >>> [apiv2][query] GET https://www.gstatic.com/firebasejs/releases.json [none]
[debug] [2021-06-17T13:37:28.894Z] <<< [apiv2][status] GET https://www.gstatic.com/firebasejs/releases.json 200
[debug] [2021-06-17T13:37:28.894Z] <<< [apiv2][body] GET https://www.gstatic.com/firebasejs/releases.json {"current":{"version":"8.6.7","browserURL":"https://www.gstatic.com/firebasejs/8.6.7/firebase.js","packageURL":"https://www.gstatic.com/firebasejs/8.6.7/firebase.tgz"},"live":{"version":"8.6","browserURL":"https://www.gstatic.com/firebasejs/live/8.6/firebase.js","packageURL":"https://www.gstatic.com/firebasejs/live/8.6/firebase.tgz"},"components":{"analytics":"https://www.gstatic.com/firebasejs/8.6.7/firebase-analytics.js","app":"https://www.gstatic.com/firebasejs/8.6.7/firebase-app.js","app-check":"https://www.gstatic.com/firebasejs/8.6.7/firebase-app-check.js","auth":"https://www.gstatic.com/firebasejs/8.6.7/firebase-auth.js","database":"https://www.gstatic.com/firebasejs/8.6.7/firebase-database.js","firestore":"https://www.gstatic.com/firebasejs/8.6.7/firebase-firestore.js","functions":"https://www.gstatic.com/firebasejs/8.6.7/firebase-functions.js","installations":"https://www.gstatic.com/firebasejs/8.6.7/firebase-installations.js","messaging":"https://www.gstatic.com/firebasejs/8.6.7/firebase-messaging.js","storage":"https://www.gstatic.com/firebasejs/8.6.7/firebase-storage.js","performance":"https://www.gstatic.com/firebasejs/8.6.7/firebase-performance.js","remote-config":"https://www.gstatic.com/firebasejs/8.6.7/firebase-remote-config.js","firestore.memory":"https://www.gstatic.com/firebasejs/8.6.7/firebase-firestore.memory.js"}}
[info] i  Skipping write of public/index.html 
[info] 
[info] i  Didn't detect a .git folder. Assuming C:\Users\bangi\Desktop\Hackathon.html is the project root. 
[info] i  Authorizing with GitHub to upload your service account to a GitHub repository's secrets store. 
[info] 
[info] Visit this URL on this device to log in:
[info] https://github.com/login/oauth/authorize?client_id=89cf50f02ac6aaed3484&state=533448597&redirect_uri=http%3A%2F%2Flocalhost%3A9005&scope=read%3Auser%20repo%20public_repo
[info] 
[info] Waiting for authentication...
[debug] [2021-06-17T13:37:46.467Z] >>> HTTP REQUEST POST https://github.com/login/oauth/access_token  
 {"client_id":"89cf50f02ac6aaed3484","client_secret":"3330d14abc895d9a74d5f17cd7a00711fa2c5bf0","code":"45d024d293852072c94f","redirect_uri":"http://localhost:9005","state":"533448597"}
[debug] [2021-06-17T13:37:47.446Z] <<< HTTP RESPONSE 200 {"server":"GitHub.com","date":"Thu, 17 Jun 2021 13:37:47 GMT","content-type":"application/json; charset=utf-8","transfer-encoding":"chunked","vary":"X-PJAX, Accept-Encoding, Accept, X-Requested-With","permissions-policy":"interest-cohort=()","etag":"W/\"7610a5a8068a6c4cc7373f10f38e8ef7\"","cache-control":"max-age=0, private, must-revalidate","strict-transport-security":"max-age=31536000; includeSubdomains; preload","x-frame-options":"deny","x-content-type-options":"nosniff","x-xss-protection":"0","referrer-policy":"origin-when-cross-origin, strict-origin-when-cross-origin","expect-ct":"max-age=2592000, report-uri=\"https://api.github.com/_private/browser/errors\"","content-security-policy":"default-src 'none'; base-uri 'self'; block-all-mixed-content; connect-src 'self' uploads.github.com www.githubstatus.com collector.githubapp.com api.github.com github-cloud.s3.amazonaws.com github-production-repository-file-5c1aeb.s3.amazonaws.com github-production-upload-manifest-file-7fdce7.s3.amazonaws.com github-production-user-asset-6210df.s3.amazonaws.com html-translator.herokuapp.com cdn.optimizely.com logx.optimizely.com/v1/events wss://alive.github.com; font-src github.githubassets.com; form-action 'self' github.com gist.github.com; frame-ancestors 'none'; frame-src render.githubusercontent.com; img-src 'self' data: github.githubassets.com identicons.github.com collector.githubapp.com github-cloud.s3.amazonaws.com secured-user-images.githubusercontent.com/ *.githubusercontent.com; manifest-src 'self'; media-src 'none'; script-src github.githubassets.com; style-src 'unsafe-inline' github.githubassets.com; worker-src github.com/socket-worker-3f088aa2.js gist.github.com/socket-worker-3f088aa2.js","x-github-request-id":"C369:2E68:1E403DF:1F0F223:60CB502A"}
[debug] [2021-06-17T13:37:47.464Z] >>> [apiv2][query] GET https://api.github.com/user [none]
[debug] [2021-06-17T13:37:48.368Z] <<< [apiv2][status] GET https://api.github.com/user 200
[debug] [2021-06-17T13:37:48.368Z] <<< [apiv2][body] GET https://api.github.com/user {"login":"bangile-cypto","id":72969713,"node_id":"MDQ6VXNlcjcyOTY5NzEz","avatar_url":"https://avatars.githubusercontent.com/u/72969713?v=4","gravatar_id":"","url":"https://api.github.com/users/bangile-cypto","html_url":"https://github.com/bangile-cypto","followers_url":"https://api.github.com/users/bangile-cypto/followers","following_url":"https://api.github.com/users/bangile-cypto/following{/other_user}","gists_url":"https://api.github.com/users/bangile-cypto/gists{/gist_id}","starred_url":"https://api.github.com/users/bangile-cypto/starred{/owner}{/repo}","subscriptions_url":"https://api.github.com/users/bangile-cypto/subscriptions","organizations_url":"https://api.github.com/users/bangile-cypto/orgs","repos_url":"https://api.github.com/users/bangile-cypto/repos","events_url":"https://api.github.com/users/bangile-cypto/events{/privacy}","received_events_url":"https://api.github.com/users/bangile-cypto/received_events","type":"User","site_admin":false,"name":null,"company":null,"blog":"","location":null,"email":null,"hireable":null,"bio":null,"twitter_username":null,"public_repos":2,"public_gists":0,"followers":0,"following":0,"created_at":"2020-10-16T08:44:08Z","updated_at":"2021-05-31T13:53:53Z","private_gists":0,"total_private_repos":0,"owned_private_repos":0,"disk_usage":24490,"collaborators":0,"two_factor_authentication":false,"plan":{"name":"free","space":976562499,"collaborators":0,"private_repos":10000}}
[info] 
[info] +  Success! Logged into GitHub as bangile-cypto 
[info] 
[debug] [2021-06-17T13:38:38.548Z] >>> [apiv2][query] GET https://api.github.com/repos/firebase deploy/actions/secrets/public-key type=owner
[debug] [2021-06-17T13:38:39.210Z] <<< [apiv2][status] GET https://api.github.com/repos/firebase deploy/actions/secrets/public-key 404
[debug] [2021-06-17T13:38:39.210Z] <<< [apiv2][body] GET https://api.github.com/repos/firebase deploy/actions/secrets/public-key {"message":"Not Found","documentation_url":"https://docs.github.com/rest"}
[debug] [2021-06-17T13:39:09.636Z] ----------------------------------------------------------------------
[debug] [2021-06-17T13:39:09.639Z] Command:       C:\Program Files\nodejs\node.exe C:\Users\bangi\AppData\Roaming\npm\node_modules\firebase-tools\lib\bin\firebase.js init
[debug] [2021-06-17T13:39:09.640Z] CLI Version:   9.13.0
[debug] [2021-06-17T13:39:09.640Z] Platform:      win32
[debug] [2021-06-17T13:39:09.640Z] Node Version:  v16.1.0
[debug] [2021-06-17T13:39:09.641Z] Time:          Thu Jun 17 2021 15:39:09 GMT+0200 (South Africa Standard Time)
[debug] [2021-06-17T13:39:09.642Z] ----------------------------------------------------------------------
[debug] 
[debug] [2021-06-17T13:39:09.651Z] > command requires scopes: ["email","openid","https://www.googleapis.com/auth/cloudplatformprojects.readonly","https://www.googleapis.com/auth/firebase","https://www.googleapis.com/auth/cloud-platform"]
[debug] [2021-06-17T13:39:09.652Z] > authorizing via signed-in user (bangilemahlamvu@gmail.com)
[info] 
     ######## #### ########  ######## ########     ###     ######  ########
     ##        ##  ##     ## ##       ##     ##  ##   ##  ##       ##
     ######    ##  ########  ######   ########  #########  ######  ######
     ##        ##  ##    ##  ##       ##     ## ##     ##       ## ##
     ##       #### ##     ## ######## ########  ##     ##  ######  ########

You're about to initialize a Firebase project in this directory:

  C:\Users\bangi\Desktop\Hackathon.html

Before we get started, keep in mind:

  * You are initializing within an existing Firebase project directory

[info] 
=== Project Setup
[info] 
[info] First, let's associate this project directory with a Firebase project.
[info] You can create multiple project aliases by running firebase use --add, 
[info] but for now we'll just set up a default project.
[info] 
[info] i  .firebaserc already has a default project, using skywalkers-b5ce0. 
[debug] [2021-06-17T13:39:17.711Z] >>> [apiv2][query] GET https://firebase.googleapis.com/v1beta1/projects/skywalkers-b5ce0 [none]
[debug] [2021-06-17T13:39:18.333Z] <<< [apiv2][status] GET https://firebase.googleapis.com/v1beta1/projects/skywalkers-b5ce0 200
[debug] [2021-06-17T13:39:18.334Z] <<< [apiv2][body] GET https://firebase.googleapis.com/v1beta1/projects/skywalkers-b5ce0 {"projectId":"skywalkers-b5ce0","projectNumber":"96463936501","displayName":"Skywalkers","name":"projects/skywalkers-b5ce0","resources":{"hostingSite":"skywalkers-b5ce0"},"state":"ACTIVE"}
[info] 
=== Hosting Setup
[info] 
[info] Your public directory is the folder (relative to your project directory) that
[info] will contain Hosting assets to be uploaded with firebase deploy. If you
[info] have a build process for your assets, use your build's output directory.
[info] 
[info] i  Skipping write of public/404.html 
[debug] [2021-06-17T13:40:05.202Z] >>> [apiv2][query] GET https://www.gstatic.com/firebasejs/releases.json [none]
[debug] [2021-06-17T13:40:05.507Z] <<< [apiv2][status] GET https://www.gstatic.com/firebasejs/releases.json 200
[debug] [2021-06-17T13:40:05.507Z] <<< [apiv2][body] GET https://www.gstatic.com/firebasejs/releases.json {"current":{"version":"8.6.7","browserURL":"https://www.gstatic.com/firebasejs/8.6.7/firebase.js","packageURL":"https://www.gstatic.com/firebasejs/8.6.7/firebase.tgz"},"live":{"version":"8.6","browserURL":"https://www.gstatic.com/firebasejs/live/8.6/firebase.js","packageURL":"https://www.gstatic.com/firebasejs/live/8.6/firebase.tgz"},"components":{"analytics":"https://www.gstatic.com/firebasejs/8.6.7/firebase-analytics.js","app":"https://www.gstatic.com/firebasejs/8.6.7/firebase-app.js","app-check":"https://www.gstatic.com/firebasejs/8.6.7/firebase-app-check.js","auth":"https://www.gstatic.com/firebasejs/8.6.7/firebase-auth.js","database":"https://www.gstatic.com/firebasejs/8.6.7/firebase-database.js","firestore":"https://www.gstatic.com/firebasejs/8.6.7/firebase-firestore.js","functions":"https://www.gstatic.com/firebasejs/8.6.7/firebase-functions.js","installations":"https://www.gstatic.com/firebasejs/8.6.7/firebase-installations.js","messaging":"https://www.gstatic.com/firebasejs/8.6.7/firebase-messaging.js","storage":"https://www.gstatic.com/firebasejs/8.6.7/firebase-storage.js","performance":"https://www.gstatic.com/firebasejs/8.6.7/firebase-performance.js","remote-config":"https://www.gstatic.com/firebasejs/8.6.7/firebase-remote-config.js","firestore.memory":"https://www.gstatic.com/firebasejs/8.6.7/firebase-firestore.memory.js"}}
[info] i  Skipping write of public/index.html 
[info] 
[info] i  Didn't detect a .git folder. Assuming C:\Users\bangi\Desktop\Hackathon.html is the project root. 
[info] i  Authorizing with GitHub to upload your service account to a GitHub repository's secrets store. 
[info] 
[info] Visit this URL on this device to log in:
[info] https://github.com/login/oauth/authorize?client_id=89cf50f02ac6aaed3484&state=352030705&redirect_uri=http%3A%2F%2Flocalhost%3A9005&scope=read%3Auser%20repo%20public_repo
[info] 
[info] Waiting for authentication...
[debug] [2021-06-17T13:40:13.556Z] >>> HTTP REQUEST POST https://github.com/login/oauth/access_token  
 {"client_id":"89cf50f02ac6aaed3484","client_secret":"3330d14abc895d9a74d5f17cd7a00711fa2c5bf0","code":"734042d03590a0890ee8","redirect_uri":"http://localhost:9005","state":"352030705"}
[debug] [2021-06-17T13:40:14.433Z] <<< HTTP RESPONSE 200 {"server":"GitHub.com","date":"Thu, 17 Jun 2021 13:40:14 GMT","content-type":"application/json; charset=utf-8","transfer-encoding":"chunked","vary":"X-PJAX, Accept-Encoding, Accept, X-Requested-With","permissions-policy":"interest-cohort=()","etag":"W/\"a9acbd0772c570b887769d757cc68b88\"","cache-control":"max-age=0, private, must-revalidate","strict-transport-security":"max-age=31536000; includeSubdomains; preload","x-frame-options":"deny","x-content-type-options":"nosniff","x-xss-protection":"0","referrer-policy":"origin-when-cross-origin, strict-origin-when-cross-origin","expect-ct":"max-age=2592000, report-uri=\"https://api.github.com/_private/browser/errors\"","content-security-policy":"default-src 'none'; base-uri 'self'; block-all-mixed-content; connect-src 'self' uploads.github.com www.githubstatus.com collector.githubapp.com api.github.com github-cloud.s3.amazonaws.com github-production-repository-file-5c1aeb.s3.amazonaws.com github-production-upload-manifest-file-7fdce7.s3.amazonaws.com github-production-user-asset-6210df.s3.amazonaws.com html-translator.herokuapp.com cdn.optimizely.com logx.optimizely.com/v1/events wss://alive.github.com; font-src github.githubassets.com; form-action 'self' github.com gist.github.com; frame-ancestors 'none'; frame-src render.githubusercontent.com; img-src 'self' data: github.githubassets.com identicons.github.com collector.githubapp.com github-cloud.s3.amazonaws.com secured-user-images.githubusercontent.com/ *.githubusercontent.com; manifest-src 'self'; media-src 'none'; script-src github.githubassets.com; style-src 'unsafe-inline' github.githubassets.com; worker-src github.com/socket-worker-3f088aa2.js gist.github.com/socket-worker-3f088aa2.js","x-github-request-id":"D69B:2E66:FC353E:106DC5B:60CB50BD"}
[debug] [2021-06-17T13:40:14.441Z] >>> [apiv2][query] GET https://api.github.com/user [none]
[debug] [2021-06-17T13:40:15.426Z] <<< [apiv2][status] GET https://api.github.com/user 200
[debug] [2021-06-17T13:40:15.427Z] <<< [apiv2][body] GET https://api.github.com/user {"login":"bangile-cypto","id":72969713,"node_id":"MDQ6VXNlcjcyOTY5NzEz","avatar_url":"https://avatars.githubusercontent.com/u/72969713?v=4","gravatar_id":"","url":"https://api.github.com/users/bangile-cypto","html_url":"https://github.com/bangile-cypto","followers_url":"https://api.github.com/users/bangile-cypto/followers","following_url":"https://api.github.com/users/bangile-cypto/following{/other_user}","gists_url":"https://api.github.com/users/bangile-cypto/gists{/gist_id}","starred_url":"https://api.github.com/users/bangile-cypto/starred{/owner}{/repo}","subscriptions_url":"https://api.github.com/users/bangile-cypto/subscriptions","organizations_url":"https://api.github.com/users/bangile-cypto/orgs","repos_url":"https://api.github.com/users/bangile-cypto/repos","events_url":"https://api.github.com/users/bangile-cypto/events{/privacy}","received_events_url":"https://api.github.com/users/bangile-cypto/received_events","type":"User","site_admin":false,"name":null,"company":null,"blog":"","location":null,"email":null,"hireable":null,"bio":null,"twitter_username":null,"public_repos":2,"public_gists":0,"followers":0,"following":0,"created_at":"2020-10-16T08:44:08Z","updated_at":"2021-05-31T13:53:53Z","private_gists":0,"total_private_repos":0,"owned_private_repos":0,"disk_usage":24490,"collaborators":0,"two_factor_authentication":false,"plan":{"name":"free","space":976562499,"collaborators":0,"private_repos":10000}}
[info] 
[info] +  Success! Logged into GitHub as bangile-cypto 
[info] 
